<?xml version="1.0" encoding="UTF-8"?>
<!-- Generated by org.testng.reporters.JUnitReportReporter -->
<testsuite hostname="uzzal-42-dhk" name="com.vantage.formreleaf2.Login" tests="4" failures="0" timestamp="3 Jan 2019 12:52:29 GMT" time="17.797" errors="0">
  <testcase name="checkValidationMsgWhenBlankSubmit" time="4.418" classname="com.vantage.formreleaf2.Login"/>
  <testcase name="checkValidationMsgWhenUsernamePasswordWrong" time="4.034" classname="com.vantage.formreleaf2.Login"/>
  <testcase name="loginSuccessful" time="4.672" classname="com.vantage.formreleaf2.Login"/>
  <testcase name="logOut" time="4.673" classname="com.vantage.formreleaf2.Login"/>
</testsuite> <!-- com.vantage.formreleaf2.Login -->
